<?xml version="1.0" encoding="UTF-8"?>
<!-- Generated by org.testng.reporters.JUnitXMLReporter -->
<testsuite ignored="16" hostname="PC-PC" failures="0" tests="1" name="Default test" time="6.246" errors="0" timestamp="2021-06-22T00:03:43 IST">
  <testcase classname="com.com.javabykiran.UserPage" name="printUsersFromMaharashtra" time="0.813"/>
  <testcase classname="com.com.javabykiran.UserPage" name="printUserName" time="0.0">
    <ignored/>
  </testcase> <!-- printUserName -->
  <testcase classname="com.com.javabykiran.UserPage" name="countRowsAndColoumn" time="0.0">
    <ignored/>
  </testcase> <!-- countRowsAndColoumn -->
  <testcase classname="com.com.javabykiran.UserPage" name="printTable" time="0.0">
    <ignored/>
  </testcase> <!-- printTable -->
  <testcase classname="com.com.javabykiran.UserPage" name="verifyMobile" time="0.0">
    <ignored/>
  </testcase> <!-- verifyMobile -->
  <testcase classname="com.com.javabykiran.UserPage" name="cancelbtn" time="0.0">
    <ignored/>
  </testcase> <!-- cancelbtn -->
  <testcase classname="com.com.javabykiran.UserPage" name="verifyHeading" time="0.0">
    <ignored/>
  </testcase> <!-- verifyHeading -->
  <testcase classname="com.com.javabykiran.UserPage" name="verifyUserEnteredCorrectGender" time="0.0">
    <ignored/>
  </testcase> <!-- verifyUserEnteredCorrectGender -->
  <testcase classname="com.com.javabykiran.UserPage" name="verifydetails" time="0.0">
    <ignored/>
  </testcase> <!-- verifydetails -->
  <testcase classname="com.com.javabykiran.UserPage" name="verifyCourseOfUser" time="0.0">
    <ignored/>
  </testcase> <!-- verifyCourseOfUser -->
  <testcase classname="com.com.javabykiran.UserPage" name="countMaleGender" time="0.0">
    <ignored/>
  </testcase> <!-- countMaleGender -->
  <testcase classname="com.com.javabykiran.UserPage" name="verifyMailId" time="0.0">
    <ignored/>
  </testcase> <!-- verifyMailId -->
  <testcase classname="com.com.javabykiran.UserPage" name="verifyAddUserBtn" time="0.0">
    <ignored/>
  </testcase> <!-- verifyAddUserBtn -->
  <testcase classname="com.com.javabykiran.UserPage" name="verifyHeadline" time="0.0">
    <ignored/>
  </testcase> <!-- verifyHeadline -->
  <testcase classname="com.com.javabykiran.UserPage" name="printUsersFromPunjab" time="0.0">
    <ignored/>
  </testcase> <!-- printUsersFromPunjab -->
  <testcase classname="com.com.javabykiran.UserPage" name="countFemaleGender" time="0.0">
    <ignored/>
  </testcase> <!-- countFemaleGender -->
  <testcase classname="com.com.javabykiran.UserPage" name="printMaleusers" time="0.0">
    <ignored/>
  </testcase> <!-- printMaleusers -->
</testsuite> <!-- Default test -->
